<?xml version="1.0" encoding="UTF-8" ?>
<testsuite failures="0" time="0.007" errors="0" skipped="0" tests="1" name="org.jbpm.datamodeler.core.DataModelTest">
  <properties>
    <property name="java.runtime.name" value="Java(TM) SE Runtime Environment"/>
    <property name="sun.boot.library.path" value="/NotBackedUp/wmedvede/development/jdk/jdk1.6.0_33/jre/lib/amd64"/>
    <property name="java.vm.version" value="20.8-b03"/>
    <property name="java.vm.vendor" value="Sun Microsystems Inc."/>
    <property name="java.vendor.url" value="http://java.sun.com/"/>
    <property name="path.separator" value=":"/>
    <property name="guice.disable.misplaced.annotation.check" value="true"/>
    <property name="java.vm.name" value="Java HotSpot(TM) 64-Bit Server VM"/>
    <property name="file.encoding.pkg" value="sun.io"/>
    <property name="user.country" value="US"/>
    <property name="sun.java.launcher" value="SUN_STANDARD"/>
    <property name="sun.os.patch.level" value="unknown"/>
    <property name="java.vm.specification.name" value="Java Virtual Machine Specification"/>
    <property name="user.dir" value="/NotBackedUp/wmedvede/development/projects/jbpm-data-modeler"/>
    <property name="java.runtime.version" value="1.6.0_33-b04"/>
    <property name="java.awt.graphicsenv" value="sun.awt.X11GraphicsEnvironment"/>
    <property name="java.endorsed.dirs" value="/NotBackedUp/wmedvede/development/jdk/jdk1.6.0_33/jre/lib/endorsed"/>
    <property name="os.arch" value="amd64"/>
    <property name="java.io.tmpdir" value="/tmp"/>
    <property name="line.separator" value="
"/>
    <property name="java.vm.specification.vendor" value="Sun Microsystems Inc."/>
    <property name="os.name" value="Linux"/>
    <property name="classworlds.conf" value="/home/wmedvede/development/maven/current/bin/m2.conf"/>
    <property name="sun.jnu.encoding" value="UTF-8"/>
    <property name="java.library.path" value="/NotBackedUp/wmedvede/development/jdk/jdk1.6.0_33/jre/lib/amd64/server:/NotBackedUp/wmedvede/development/jdk/jdk1.6.0_33/jre/lib/amd64:/NotBackedUp/wmedvede/development/jdk/jdk1.6.0_33/jre/../lib/amd64:/usr/java/packages/lib/amd64:/usr/lib64:/lib64:/lib:/usr/lib"/>
    <property name="java.specification.name" value="Java Platform API Specification"/>
    <property name="java.class.version" value="50.0"/>
    <property name="sun.management.compiler" value="HotSpot 64-Bit Tiered Compilers"/>
    <property name="os.version" value="2.6.32-279.19.1.el6.x86_64"/>
    <property name="user.home" value="/home/wmedvede"/>
    <property name="user.timezone" value="Europe/Madrid"/>
    <property name="java.awt.printerjob" value="sun.print.PSPrinterJob"/>
    <property name="file.encoding" value="UTF-8"/>
    <property name="java.specification.version" value="1.6"/>
    <property name="user.name" value="wmedvede"/>
    <property name="java.class.path" value="/home/wmedvede/development/maven/current/boot/plexus-classworlds-2.4.jar"/>
    <property name="java.vm.specification.version" value="1.0"/>
    <property name="sun.arch.data.model" value="64"/>
    <property name="java.home" value="/NotBackedUp/wmedvede/development/jdk/jdk1.6.0_33/jre"/>
    <property name="sun.java.command" value="org.codehaus.plexus.classworlds.launcher.Launcher clean install"/>
    <property name="java.specification.vendor" value="Sun Microsystems Inc."/>
    <property name="user.language" value="en"/>
    <property name="java.vm.info" value="mixed mode"/>
    <property name="java.version" value="1.6.0_33"/>
    <property name="java.ext.dirs" value="/NotBackedUp/wmedvede/development/jdk/jdk1.6.0_33/jre/lib/ext:/usr/java/packages/lib/ext"/>
    <property name="securerandom.source" value="file:/dev/./urandom"/>
    <property name="sun.boot.class.path" value="/NotBackedUp/wmedvede/development/jdk/jdk1.6.0_33/jre/lib/resources.jar:/NotBackedUp/wmedvede/development/jdk/jdk1.6.0_33/jre/lib/rt.jar:/NotBackedUp/wmedvede/development/jdk/jdk1.6.0_33/jre/lib/sunrsasign.jar:/NotBackedUp/wmedvede/development/jdk/jdk1.6.0_33/jre/lib/jsse.jar:/NotBackedUp/wmedvede/development/jdk/jdk1.6.0_33/jre/lib/jce.jar:/NotBackedUp/wmedvede/development/jdk/jdk1.6.0_33/jre/lib/charsets.jar:/NotBackedUp/wmedvede/development/jdk/jdk1.6.0_33/jre/lib/modules/jdk.boot.jar:/NotBackedUp/wmedvede/development/jdk/jdk1.6.0_33/jre/classes"/>
    <property name="java.vendor" value="Sun Microsystems Inc."/>
    <property name="maven.home" value="/home/wmedvede/development/maven/current"/>
    <property name="file.separator" value="/"/>
    <property name="java.vendor.url.bug" value="http://java.sun.com/cgi-bin/bugreport.cgi"/>
    <property name="sun.cpu.endian" value="little"/>
    <property name="sun.io.unicode.encoding" value="UnicodeLittle"/>
    <property name="sun.desktop" value="gnome"/>
    <property name="sun.cpu.isalist" value=""/>
  </properties>
  <testcase time="0.007" classname="org.jbpm.datamodeler.core.DataModelTest" name="modelTest"/>
</testsuite>